#-----------------------------------------------------------
# Vivado v2019.1 (64-bit)
# SW Build 2552052 on Fri May 24 14:49:42 MDT 2019
# IP Build 2548770 on Fri May 24 18:01:18 MDT 2019
# Start of session at: Mon Feb  6 01:25:51 2023
# Process ID: 3124
# Current directory: C:/Users/dell/3D Objects/Time_Counter
# Command line: vivado.exe -gui_launcher_event rodinguilauncherevent7644 C:\Users\dell\3D Objects\Time_Counter\Time_Counter.xpr
# Log file: C:/Users/dell/3D Objects/Time_Counter/vivado.log
# Journal file: C:/Users/dell/3D Objects/Time_Counter\vivado.jou
#-----------------------------------------------------------
start_gui
open_project {C:/Users/dell/3D Objects/Time_Counter/Time_Counter.xpr}
Scanning sources...
Finished scanning sources
INFO: [IP_Flow 19-234] Refreshing IP repositories
INFO: [IP_Flow 19-1704] No user IP repositories specified
INFO: [IP_Flow 19-2313] Loaded Vivado IP repository 'C:/Xilinx/Vivado/2019.1/data/ip'.
open_project: Time (s): cpu = 00:00:23 ; elapsed = 00:00:11 . Memory (MB): peak = 699.297 ; gain = 46.094
update_compile_order -fileset sources_1
launch_simulation
INFO: [Vivado 12-5682] Launching behavioral simulation in 'C:/Users/dell/3D Objects/Time_Counter/Time_Counter.sim/sim_1/behav/xsim'
INFO: [SIM-utils-51] Simulation object is 'sim_1'
INFO: [SIM-utils-54] Inspecting design source files for 'Time_Counter_tb' in fileset 'sim_1'...
INFO: [USF-XSim-97] Finding global include files...
INFO: [USF-XSim-98] Fetching design files from 'sim_1'...
INFO: [USF-XSim-2] XSim::Compile design
INFO: [USF-XSim-61] Executing 'COMPILE and ANALYZE' step in 'C:/Users/dell/3D Objects/Time_Counter/Time_Counter.sim/sim_1/behav/xsim'
"xvlog --incr --relax -prj Time_Counter_tb_vlog.prj"
INFO: [VRFC 10-2263] Analyzing Verilog file "C:/Users/dell/3D Objects/Time_Counter/Time_Counter.srcs/sources_1/new/Time_Counter.v" into library xil_defaultlib
INFO: [VRFC 10-311] analyzing module Time_Counter
INFO: [VRFC 10-2263] Analyzing Verilog file "C:/Users/dell/3D Objects/Time_Counter/Time_Counter.srcs/sources_1/new/Time_Counter_tb.v" into library xil_defaultlib
INFO: [VRFC 10-311] analyzing module Time_Counter_tb
INFO: [VRFC 10-2263] Analyzing Verilog file "C:/Users/dell/3D Objects/Time_Counter/Time_Counter.sim/sim_1/behav/xsim/glbl.v" into library xil_defaultlib
INFO: [VRFC 10-311] analyzing module glbl
INFO: [USF-XSim-69] 'compile' step finished in '3' seconds
INFO: [USF-XSim-3] XSim::Elaborate design
INFO: [USF-XSim-61] Executing 'ELABORATE' step in 'C:/Users/dell/3D Objects/Time_Counter/Time_Counter.sim/sim_1/behav/xsim'
"xelab -wto b2299dcfd48b4da4b5015482d803078e --incr --debug typical --relax --mt 2 -L xil_defaultlib -L unisims_ver -L unimacro_ver -L secureip --snapshot Time_Counter_tb_behav xil_defaultlib.Time_Counter_tb xil_defaultlib.glbl -log elaborate.log"
Vivado Simulator 2019.1
Copyright 1986-1999, 2001-2019 Xilinx, Inc. All Rights Reserved.
Running: C:/Xilinx/Vivado/2019.1/bin/unwrapped/win64.o/xelab.exe -wto b2299dcfd48b4da4b5015482d803078e --incr --debug typical --relax --mt 2 -L xil_defaultlib -L unisims_ver -L unimacro_ver -L secureip --snapshot Time_Counter_tb_behav xil_defaultlib.Time_Counter_tb xil_defaultlib.glbl -log elaborate.log 
Using 2 slave threads.
Starting static elaboration
Completed static elaboration
Starting simulation data flow analysis
Completed simulation data flow analysis
Time Resolution for simulation is 1ps
Compiling module unisims_ver.FDRE_default
Compiling module xil_defaultlib.Time_Counter
Compiling module xil_defaultlib.Time_Counter_tb
Compiling module xil_defaultlib.glbl
Built simulation snapshot Time_Counter_tb_behav

****** Webtalk v2019.1 (64-bit)
  **** SW Build 2552052 on Fri May 24 14:49:42 MDT 2019
  **** IP Build 2548770 on Fri May 24 18:01:18 MDT 2019
    ** Copyright 1986-2019 Xilinx, Inc. All Rights Reserved.

source C:/Users/dell/3D -notrace
couldn't read file "C:/Users/dell/3D": permission denied
INFO: [Common 17-206] Exiting Webtalk at Mon Feb  6 01:26:54 2023...
run_program: Time (s): cpu = 00:00:01 ; elapsed = 00:00:07 . Memory (MB): peak = 733.734 ; gain = 0.000
INFO: [USF-XSim-69] 'elaborate' step finished in '6' seconds
INFO: [USF-XSim-4] XSim::Simulate design
INFO: [USF-XSim-61] Executing 'SIMULATE' step in 'C:/Users/dell/3D Objects/Time_Counter/Time_Counter.sim/sim_1/behav/xsim'
INFO: [USF-XSim-98] *** Running xsim
   with args "Time_Counter_tb_behav -key {Behavioral:sim_1:Functional:Time_Counter_tb} -tclbatch {Time_Counter_tb.tcl} -log {simulate.log}"
INFO: [USF-XSim-8] Loading simulator feature
Vivado Simulator 2019.1
Time resolution is 1 ps
source Time_Counter_tb.tcl
# set curr_wave [current_wave_config]
# if { [string length $curr_wave] == 0 } {
#   if { [llength [get_objects]] > 0} {
#     add_wave /
#     set_property needs_save false [current_wave_config]
#   } else {
#      send_msg_id Add_Wave-1 WARNING "No top level signals found. Simulator will start without a wave window. If you want to open a wave window go to 'File->New Waveform Configuration' or type 'create_wave_config' in the TCL console."
#   }
# }
# run 1000ns
xsim: Time (s): cpu = 00:00:13 ; elapsed = 00:00:07 . Memory (MB): peak = 755.344 ; gain = 21.219
INFO: [USF-XSim-96] XSim completed. Design snapshot 'Time_Counter_tb_behav' loaded.
INFO: [USF-XSim-97] XSim simulation ran for 1000ns
launch_simulation: Time (s): cpu = 00:00:17 ; elapsed = 00:00:17 . Memory (MB): peak = 755.344 ; gain = 38.152
close_sim
INFO: [Simtcl 6-16] Simulation closed
close_sim: Time (s): cpu = 00:00:07 ; elapsed = 00:00:05 . Memory (MB): peak = 779.613 ; gain = 19.301
archive_project C:/Users/dell/Desktop/Time_Counter.xpr.zip -temp_dir {C:/Users/dell/3D Objects/Time_Counter/.Xil/Vivado-3124-DESKTOP-U9B2L22} -force -include_local_ip_cache
INFO: [Coretcl 2-137] starting archive...
INFO: [Coretcl 2-1499] Saving project copy to temporary location 'C:/Users/dell/3D Objects/Time_Counter/.Xil/Vivado-3124-DESKTOP-U9B2L22' for archiving project
Scanning sources...
Finished scanning sources
INFO: [Coretcl 2-1211] Creating project copy for archival...
INFO: [Coretcl 2-1213] Including run results for 'synth_1'
INFO: [Coretcl 2-1213] Including run results for 'impl_1'
INFO: [Coretcl 2-1212] Importing remotely added design sources and verilog include files (if any)...
INFO: [filemgmt 20-334] All file(s) are already imported in fileset: 'constrs_1'
INFO: [filemgmt 20-348] Importing the appropriate files for fileset: 'constrs_1'
INFO: [filemgmt 20-348] Importing the appropriate files for fileset: 'sim_1'
INFO: [filemgmt 20-334] All file(s) are already imported in fileset: 'sources_1'
INFO: [filemgmt 20-348] Importing the appropriate files for fileset: 'sources_1'
